Cost 549
Edges 549
E 550 489
E 550 467
E 550 466
E 550 465
E 550 439
E 550 435
E 550 433
E 550 415
E 550 409
E 550 404
E 550 396
E 550 386
E 550 370
E 550 369
E 550 366
E 550 353
E 550 347
E 550 346
E 550 342
E 550 339
E 550 336
E 550 326
E 550 321
E 550 320
E 550 309
E 550 303
E 550 296
E 550 292
E 550 289
E 550 284
E 550 276
E 550 271
E 550 261
E 550 256
E 550 247
E 550 242
E 550 240
E 550 219
E 550 212
E 550 211
E 550 210
E 550 205
E 550 200
E 550 196
E 550 193
E 550 189
E 550 187
E 550 174
E 550 173
E 550 171
E 550 170
E 550 169
E 550 167
E 550 160
E 550 159
E 550 152
E 550 145
E 550 144
E 550 140
E 550 139
E 550 134
E 550 133
E 550 125
E 550 117
E 550 114
E 550 110
E 550 105
E 550 101
E 550 97
E 550 91
E 550 88
E 550 87
E 550 82
E 550 77
E 550 75
E 550 74
E 550 73
E 550 67
E 550 63
E 550 47
E 550 43
E 550 42
E 550 38
E 550 37
E 550 34
E 550 33
E 550 32
E 550 25
E 550 22
E 550 21
E 550 19
E 550 16
E 550 15
E 550 14
E 550 12
E 550 9
E 550 6
E 550 4
E 550 3
E 550 1
E 549 500
E 549 490
E 549 471
E 549 468
E 549 462
E 549 459
E 549 456
E 549 455
E 549 451
E 549 446
E 549 438
E 549 432
E 549 431
E 549 426
E 549 425
E 549 422
E 549 420
E 549 416
E 549 410
E 549 397
E 549 390
E 549 389
E 549 371
E 549 367
E 549 363
E 549 352
E 549 341
E 549 337
E 549 332
E 549 324
E 549 321
E 549 316
E 549 315
E 549 314
E 549 306
E 549 302
E 549 300
E 549 299
E 549 288
E 549 283
E 549 279
E 549 273
E 549 270
E 549 269
E 549 249
E 549 245
E 549 243
E 549 236
E 549 234
E 549 232
E 549 224
E 549 208
E 549 207
E 549 201
E 549 186
E 549 185
E 549 184
E 549 180
E 549 179
E 549 177
E 549 176
E 549 175
E 549 172
E 549 168
E 549 165
E 549 158
E 549 151
E 549 150
E 549 142
E 549 130
E 549 128
E 549 126
E 549 115
E 549 109
E 549 103
E 549 98
E 549 94
E 549 93
E 549 79
E 549 65
E 549 64
E 549 58
E 549 57
E 549 56
E 549 55
E 549 52
E 549 50
E 549 48
E 549 45
E 549 39
E 549 35
E 549 30
E 549 28
E 549 27
E 548 482
E 548 481
E 548 478
E 548 472
E 548 427
E 548 425
E 548 424
E 548 419
E 548 402
E 548 398
E 548 388
E 548 385
E 548 365
E 548 348
E 548 340
E 548 330
E 548 327
E 548 322
E 548 318
E 548 308
E 548 298
E 548 294
E 548 291
E 548 290
E 548 281
E 548 274
E 548 272
E 548 267
E 548 263
E 548 259
E 548 255
E 548 252
E 548 251
E 548 237
E 548 233
E 548 225
E 548 218
E 548 204
E 548 203
E 548 202
E 548 199
E 548 161
E 548 148
E 548 141
E 548 138
E 548 129
E 548 127
E 548 121
E 548 112
E 548 107
E 548 106
E 548 100
E 548 95
E 548 92
E 548 84
E 548 78
E 548 69
E 548 62
E 548 41
E 548 36
E 548 26
E 548 20
E 548 18
E 548 13
E 548 8
E 548 2
E 547 499
E 547 483
E 547 479
E 547 453
E 547 448
E 547 436
E 547 435
E 547 393
E 547 387
E 547 384
E 547 378
E 547 372
E 547 360
E 547 355
E 547 350
E 547 329
E 547 328
E 547 325
E 547 323
E 547 310
E 547 285
E 547 260
E 547 258
E 547 257
E 547 246
E 547 228
E 547 226
E 547 220
E 547 198
E 547 197
E 547 188
E 547 181
E 547 157
E 547 156
E 547 154
E 547 147
E 547 146
E 547 143
E 547 137
E 547 136
E 547 123
E 547 122
E 547 108
E 547 99
E 547 90
E 547 86
E 547 85
E 547 83
E 547 76
E 547 72
E 547 71
E 547 68
E 547 53
E 547 51
E 547 24
E 547 23
E 547 17
E 547 7
E 546 494
E 546 484
E 546 471
E 546 445
E 546 441
E 546 411
E 546 408
E 546 394
E 546 380
E 546 354
E 546 351
E 546 338
E 546 331
E 546 311
E 546 301
E 546 277
E 546 266
E 546 264
E 546 254
E 546 239
E 546 238
E 546 230
E 546 223
E 546 216
E 546 215
E 546 213
E 546 195
E 546 178
E 546 166
E 546 164
E 546 162
E 546 149
E 546 124
E 546 96
E 546 81
E 546 70
E 546 49
E 546 11
E 545 490
E 545 488
E 545 485
E 545 463
E 545 452
E 545 447
E 545 444
E 545 413
E 545 407
E 545 403
E 545 401
E 545 391
E 545 376
E 545 368
E 545 313
E 545 278
E 545 265
E 545 262
E 545 229
E 545 221
E 545 217
E 545 163
E 545 135
E 545 131
E 545 119
E 545 102
E 545 80
E 545 60
E 545 59
E 545 54
E 545 31
E 545 29
E 544 494
E 544 476
E 544 461
E 544 450
E 544 437
E 544 406
E 544 399
E 544 383
E 544 333
E 544 317
E 544 307
E 544 297
E 544 244
E 544 231
E 544 227
E 544 206
E 544 192
E 544 183
E 544 155
E 544 153
E 544 120
E 544 118
E 544 44
E 544 40
E 544 10
E 543 470
E 543 464
E 543 461
E 543 460
E 543 443
E 543 417
E 543 414
E 543 377
E 543 374
E 543 362
E 543 358
E 543 319
E 543 305
E 543 293
E 543 275
E 543 268
E 543 241
E 543 222
E 543 191
E 543 113
E 543 89
E 543 66
E 543 5
E 542 495
E 542 476
E 542 421
E 542 400
E 542 344
E 542 334
E 542 287
E 542 248
E 542 194
E 542 116
E 542 104
E 541 495
E 541 473
E 541 469
E 541 418
E 541 412
E 541 379
E 541 361
E 541 304
E 541 286
E 541 190
E 541 182
E 541 111
E 540 487
E 540 469
E 540 429
E 540 395
E 540 392
E 540 373
E 540 364
E 540 359
E 540 357
E 540 335
E 540 282
E 540 280
E 540 250
E 540 214
E 540 46
E 539 492
E 539 486
E 539 478
E 539 132
E 538 466
E 538 457
E 538 312
E 538 209
E 537 491
E 537 480
E 537 471
E 537 440
E 537 430
E 537 423
E 537 356
E 537 235
E 536 453
E 535 494
E 535 382
E 535 295
E 534 491
E 534 454
E 534 381
E 534 349
E 534 61
E 533 497
E 533 484
E 533 477
E 533 345
E 532 490
E 532 475
E 532 428
E 531 499
E 530 489
E 530 405
E 529 498
E 529 477
E 529 442
E 528 491
E 528 375
E 527 492
E 527 343
E 527 253
E 526 485
E 525 489
E 525 474
E 525 458
E 525 434
E 524 496
E 524 487
E 523 490
E 522 476
E 521 496
E 520 497
E 519 497
E 519 449
E 518 493
E 518 480
E 517 496
E 516 486
E 515 497
E 514 496
E 513 499
E 512 495
E 511 493
E 510 488
E 509 468
E 508 498
E 507 500
E 506 489
E 505 482
E 504 479
E 503 500
E 502 498
E 501 498
